This file contains any messages produced by compilers while
running configure, to aid debugging if configure makes a mistake.

It was created by malelficus configure 0.1, which was
generated by GNU Autoconf 2.68.  Invocation command line was

  $ ./configure --enable-tests --prefix=/usr

## --------- ##
## Platform. ##
## --------- ##

hostname = i4k-laptop
uname -m = i686
uname -r = 3.2.8bugsec-team
uname -s = Linux
uname -v = #4 SMP Tue Feb 28 16:52:55 BRT 2012

/usr/bin/uname -p = unknown
/bin/uname -X     = unknown

/bin/arch              = unknown
/usr/bin/arch -k       = unknown
/usr/convex/getsysinfo = unknown
/usr/bin/hostinfo      = unknown
/bin/machine           = unknown
/usr/bin/oslevel       = unknown
/bin/universe          = unknown

PATH: /usr/lib/lightdm/lightdm
PATH: /usr/local/sbin
PATH: /usr/local/bin
PATH: /usr/sbin
PATH: /usr/bin
PATH: /sbin
PATH: /bin
PATH: /usr/games


## ----------- ##
## Core tests. ##
## ----------- ##

configure:2295: result: Welcome to AutoHELL
configure:2342: checking for a BSD-compatible install
configure:2410: result: /usr/bin/install -c
configure:2421: checking whether build environment is sane
configure:2471: result: yes
configure:2612: checking for a thread-safe mkdir -p
configure:2651: result: /bin/mkdir -p
configure:2664: checking for gawk
configure:2680: found /usr/bin/gawk
configure:2691: result: gawk
configure:2702: checking whether make sets $(MAKE)
configure:2724: result: yes
configure:2834: checking build system type
configure:2848: result: i686-pc-linux-gnu
configure:2868: checking host system type
configure:2881: result: i686-pc-linux-gnu
configure:2922: checking how to print strings
configure:2949: result: printf
configure:2982: checking for style of include used by make
configure:3010: result: GNU
configure:3080: checking for gcc
configure:3096: found /usr/bin/gcc
configure:3107: result: gcc
configure:3336: checking for C compiler version
configure:3345: gcc --version >&5
gcc (Ubuntu/Linaro 4.6.1-9ubuntu3) 4.6.1
Copyright (C) 2011 Free Software Foundation, Inc.
This is free software; see the source for copying conditions.  There is NO
warranty; not even for MERCHANTABILITY or FITNESS FOR A PARTICULAR PURPOSE.

configure:3356: $? = 0
configure:3345: gcc -v >&5
Using built-in specs.
COLLECT_GCC=gcc
COLLECT_LTO_WRAPPER=/usr/lib/gcc/i686-linux-gnu/4.6.1/lto-wrapper
Target: i686-linux-gnu
Configured with: ../src/configure -v --with-pkgversion='Ubuntu/Linaro 4.6.1-9ubuntu3' --with-bugurl=file:///usr/share/doc/gcc-4.6/README.Bugs --enable-languages=c,c++,fortran,objc,obj-c++,go --prefix=/usr --program-suffix=-4.6 --enable-shared --enable-linker-build-id --with-system-zlib --libexecdir=/usr/lib --without-included-gettext --enable-threads=posix --with-gxx-include-dir=/usr/include/c++/4.6 --libdir=/usr/lib --enable-nls --with-sysroot=/ --enable-clocale=gnu --enable-libstdcxx-debug --enable-libstdcxx-time=yes --enable-plugin --enable-objc-gc --enable-targets=all --disable-werror --with-arch-32=i686 --with-tune=generic --enable-checking=release --build=i686-linux-gnu --host=i686-linux-gnu --target=i686-linux-gnu
Thread model: posix
gcc version 4.6.1 (Ubuntu/Linaro 4.6.1-9ubuntu3) 
configure:3356: $? = 0
configure:3345: gcc -V >&5
gcc: error: unrecognized option '-V'
gcc: fatal error: no input files
compilation terminated.
configure:3356: $? = 4
configure:3345: gcc -qversion >&5
gcc: error: unrecognized option '-qversion'
gcc: fatal error: no input files
compilation terminated.
configure:3356: $? = 4
configure:3376: checking whether the C compiler works
configure:3398: gcc    conftest.c  >&5
configure:3402: $? = 0
configure:3450: result: yes
configure:3453: checking for C compiler default output file name
configure:3455: result: a.out
configure:3461: checking for suffix of executables
configure:3468: gcc -o conftest    conftest.c  >&5
configure:3472: $? = 0
configure:3494: result: 
configure:3516: checking whether we are cross compiling
configure:3524: gcc -o conftest    conftest.c  >&5
configure:3528: $? = 0
configure:3535: ./conftest
configure:3539: $? = 0
configure:3554: result: no
configure:3559: checking for suffix of object files
configure:3581: gcc -c   conftest.c >&5
configure:3585: $? = 0
configure:3606: result: o
configure:3610: checking whether we are using the GNU C compiler
configure:3629: gcc -c   conftest.c >&5
configure:3629: $? = 0
configure:3638: result: yes
configure:3647: checking whether gcc accepts -g
configure:3667: gcc -c -g  conftest.c >&5
configure:3667: $? = 0
configure:3708: result: yes
configure:3725: checking for gcc option to accept ISO C89
configure:3789: gcc  -c -g -O2  conftest.c >&5
configure:3789: $? = 0
configure:3802: result: none needed
configure:3824: checking dependency style of gcc
configure:3934: result: gcc3
configure:3949: checking for a sed that does not truncate output
configure:4013: result: /bin/sed
configure:4031: checking for grep that handles long lines and -e
configure:4089: result: /bin/grep
configure:4094: checking for egrep
configure:4156: result: /bin/grep -E
configure:4161: checking for fgrep
configure:4223: result: /bin/grep -F
configure:4258: checking for ld used by gcc
configure:4325: result: /usr/bin/ld
configure:4332: checking if the linker (/usr/bin/ld) is GNU ld
configure:4347: result: yes
configure:4359: checking for BSD- or MS-compatible name lister (nm)
configure:4408: result: /usr/bin/nm -B
configure:4538: checking the name lister (/usr/bin/nm -B) interface
configure:4545: gcc -c -g -O2  conftest.c >&5
configure:4548: /usr/bin/nm -B "conftest.o"
configure:4551: output
00000000 B some_variable
configure:4558: result: BSD nm
configure:4561: checking whether ln -s works
configure:4565: result: yes
configure:4573: checking the maximum length of command line arguments
configure:4698: result: 1572864
configure:4715: checking whether the shell understands some XSI constructs
configure:4725: result: yes
configure:4729: checking whether the shell understands "+="
configure:4735: result: yes
configure:4770: checking how to convert i686-pc-linux-gnu file names to i686-pc-linux-gnu format
configure:4810: result: func_convert_file_noop
configure:4817: checking how to convert i686-pc-linux-gnu file names to toolchain format
configure:4837: result: func_convert_file_noop
configure:4844: checking for /usr/bin/ld option to reload object files
configure:4851: result: -r
configure:4925: checking for objdump
configure:4941: found /usr/bin/objdump
configure:4952: result: objdump
configure:4984: checking how to recognize dependent libraries
configure:5186: result: pass_all
configure:5271: checking for dlltool
configure:5301: result: no
configure:5331: checking how to associate runtime and link libraries
configure:5358: result: printf %s\n
configure:5419: checking for ar
configure:5435: found /usr/bin/ar
configure:5446: result: ar
configure:5483: checking for archiver @FILE support
configure:5500: gcc -c -g -O2  conftest.c >&5
configure:5500: $? = 0
configure:5503: ar cru libconftest.a @conftest.lst >&5
configure:5506: $? = 0
configure:5511: ar cru libconftest.a @conftest.lst >&5
ar: conftest.o: No such file or directory
configure:5514: $? = 1
configure:5526: result: @
configure:5584: checking for strip
configure:5600: found /usr/bin/strip
configure:5611: result: strip
configure:5683: checking for ranlib
configure:5699: found /usr/bin/ranlib
configure:5710: result: ranlib
configure:5812: checking command to parse /usr/bin/nm -B output from gcc object
configure:5931: gcc -c -g -O2  conftest.c >&5
configure:5934: $? = 0
configure:5938: /usr/bin/nm -B conftest.o \| sed -n -e 's/^.*[ ]\([ABCDGIRSTW][ABCDGIRSTW]*\)[ ][ ]*\([_A-Za-z][_A-Za-z0-9]*\)$/\1 \2 \2/p' | sed '/ __gnu_lto/d' \> conftest.nm
configure:5941: $? = 0
configure:6007: gcc -o conftest -g -O2   conftest.c conftstm.o >&5
configure:6010: $? = 0
configure:6048: result: ok
configure:6085: checking for sysroot
configure:6115: result: no
configure:6358: checking for mt
configure:6374: found /bin/mt
configure:6385: result: mt
configure:6408: checking if mt is a manifest tool
configure:6414: mt '-?'
configure:6422: result: no
configure:7054: checking how to run the C preprocessor
configure:7085: gcc -E  conftest.c
configure:7085: $? = 0
configure:7099: gcc -E  conftest.c
conftest.c:11:28: fatal error: ac_nonexistent.h: No such file or directory
compilation terminated.
configure:7099: $? = 1
configure: failed program was:
| /* confdefs.h */
| #define PACKAGE_NAME "malelficus"
| #define PACKAGE_TARNAME "malelficus"
| #define PACKAGE_VERSION "0.1"
| #define PACKAGE_STRING "malelficus 0.1"
| #define PACKAGE_BUGREPORT "tiago4orion@gmail.com"
| #define PACKAGE_URL ""
| #define PACKAGE "malelficus"
| #define VERSION "0.1"
| /* end confdefs.h.  */
| #include <ac_nonexistent.h>
configure:7124: result: gcc -E
configure:7144: gcc -E  conftest.c
configure:7144: $? = 0
configure:7158: gcc -E  conftest.c
conftest.c:11:28: fatal error: ac_nonexistent.h: No such file or directory
compilation terminated.
configure:7158: $? = 1
configure: failed program was:
| /* confdefs.h */
| #define PACKAGE_NAME "malelficus"
| #define PACKAGE_TARNAME "malelficus"
| #define PACKAGE_VERSION "0.1"
| #define PACKAGE_STRING "malelficus 0.1"
| #define PACKAGE_BUGREPORT "tiago4orion@gmail.com"
| #define PACKAGE_URL ""
| #define PACKAGE "malelficus"
| #define VERSION "0.1"
| /* end confdefs.h.  */
| #include <ac_nonexistent.h>
configure:7187: checking for ANSI C header files
configure:7207: gcc -c -g -O2  conftest.c >&5
configure:7207: $? = 0
configure:7280: gcc -o conftest -g -O2   conftest.c  >&5
configure:7280: $? = 0
configure:7280: ./conftest
configure:7280: $? = 0
configure:7291: result: yes
configure:7304: checking for sys/types.h
configure:7304: gcc -c -g -O2  conftest.c >&5
configure:7304: $? = 0
configure:7304: result: yes
configure:7304: checking for sys/stat.h
configure:7304: gcc -c -g -O2  conftest.c >&5
configure:7304: $? = 0
configure:7304: result: yes
configure:7304: checking for stdlib.h
configure:7304: gcc -c -g -O2  conftest.c >&5
configure:7304: $? = 0
configure:7304: result: yes
configure:7304: checking for string.h
configure:7304: gcc -c -g -O2  conftest.c >&5
configure:7304: $? = 0
configure:7304: result: yes
configure:7304: checking for memory.h
configure:7304: gcc -c -g -O2  conftest.c >&5
configure:7304: $? = 0
configure:7304: result: yes
configure:7304: checking for strings.h
configure:7304: gcc -c -g -O2  conftest.c >&5
configure:7304: $? = 0
configure:7304: result: yes
configure:7304: checking for inttypes.h
configure:7304: gcc -c -g -O2  conftest.c >&5
configure:7304: $? = 0
configure:7304: result: yes
configure:7304: checking for stdint.h
configure:7304: gcc -c -g -O2  conftest.c >&5
configure:7304: $? = 0
configure:7304: result: yes
configure:7304: checking for unistd.h
configure:7304: gcc -c -g -O2  conftest.c >&5
configure:7304: $? = 0
configure:7304: result: yes
configure:7318: checking for dlfcn.h
configure:7318: gcc -c -g -O2  conftest.c >&5
configure:7318: $? = 0
configure:7318: result: yes
configure:7505: checking for objdir
configure:7520: result: .libs
configure:7791: checking if gcc supports -fno-rtti -fno-exceptions
configure:7809: gcc -c -g -O2  -fno-rtti -fno-exceptions conftest.c >&5
cc1: warning: command line option '-fno-rtti' is valid for C++/ObjC++ but not for C [enabled by default]
configure:7813: $? = 0
configure:7826: result: no
configure:8136: checking for gcc option to produce PIC
configure:8143: result: -fPIC -DPIC
configure:8151: checking if gcc PIC flag -fPIC -DPIC works
configure:8169: gcc -c -g -O2  -fPIC -DPIC -DPIC conftest.c >&5
configure:8173: $? = 0
configure:8186: result: yes
configure:8215: checking if gcc static flag -static works
configure:8243: result: yes
configure:8258: checking if gcc supports -c -o file.o
configure:8279: gcc -c -g -O2  -o out/conftest2.o conftest.c >&5
configure:8283: $? = 0
configure:8305: result: yes
configure:8313: checking if gcc supports -c -o file.o
configure:8360: result: yes
configure:8393: checking whether the gcc linker (/usr/bin/ld) supports shared libraries
configure:9555: result: yes
configure:9592: checking whether -lc should be explicitly linked in
configure:9600: gcc -c -g -O2  conftest.c >&5
configure:9603: $? = 0
configure:9618: gcc -shared  -fPIC -DPIC conftest.o  -v -Wl,-soname -Wl,conftest -o conftest 2\>\&1 \| /bin/grep  -lc  \>/dev/null 2\>\&1
configure:9621: $? = 0
configure:9635: result: no
configure:9800: checking dynamic linker characteristics
configure:10315: gcc -o conftest -g -O2   -Wl,-rpath -Wl,/foo conftest.c  >&5
configure:10315: $? = 0
configure:10549: result: GNU/Linux ld.so
configure:10656: checking how to hardcode library paths into programs
configure:10681: result: immediate
configure:11221: checking whether stripping libraries is possible
configure:11226: result: yes
configure:11261: checking if libtool supports shared libraries
configure:11263: result: yes
configure:11266: checking whether to build shared libraries
configure:11287: result: yes
configure:11290: checking whether to build static libraries
configure:11294: result: yes
configure:11350: result: Unit tests enabled
configure:11415: checking for gcc
configure:11442: result: gcc
configure:11671: checking for C compiler version
configure:11680: gcc --version >&5
gcc (Ubuntu/Linaro 4.6.1-9ubuntu3) 4.6.1
Copyright (C) 2011 Free Software Foundation, Inc.
This is free software; see the source for copying conditions.  There is NO
warranty; not even for MERCHANTABILITY or FITNESS FOR A PARTICULAR PURPOSE.

configure:11691: $? = 0
configure:11680: gcc -v >&5
Using built-in specs.
COLLECT_GCC=gcc
COLLECT_LTO_WRAPPER=/usr/lib/gcc/i686-linux-gnu/4.6.1/lto-wrapper
Target: i686-linux-gnu
Configured with: ../src/configure -v --with-pkgversion='Ubuntu/Linaro 4.6.1-9ubuntu3' --with-bugurl=file:///usr/share/doc/gcc-4.6/README.Bugs --enable-languages=c,c++,fortran,objc,obj-c++,go --prefix=/usr --program-suffix=-4.6 --enable-shared --enable-linker-build-id --with-system-zlib --libexecdir=/usr/lib --without-included-gettext --enable-threads=posix --with-gxx-include-dir=/usr/include/c++/4.6 --libdir=/usr/lib --enable-nls --with-sysroot=/ --enable-clocale=gnu --enable-libstdcxx-debug --enable-libstdcxx-time=yes --enable-plugin --enable-objc-gc --enable-targets=all --disable-werror --with-arch-32=i686 --with-tune=generic --enable-checking=release --build=i686-linux-gnu --host=i686-linux-gnu --target=i686-linux-gnu
Thread model: posix
gcc version 4.6.1 (Ubuntu/Linaro 4.6.1-9ubuntu3) 
configure:11691: $? = 0
configure:11680: gcc -V >&5
gcc: error: unrecognized option '-V'
gcc: fatal error: no input files
compilation terminated.
configure:11691: $? = 4
configure:11680: gcc -qversion >&5
gcc: error: unrecognized option '-qversion'
gcc: fatal error: no input files
compilation terminated.
configure:11691: $? = 4
configure:11695: checking whether we are using the GNU C compiler
configure:11723: result: yes
configure:11732: checking whether gcc accepts -g
configure:11793: result: yes
configure:11810: checking for gcc option to accept ISO C89
configure:11887: result: none needed
configure:11909: checking dependency style of gcc
configure:12019: result: gcc3
configure:12041: checking fcntl.h usability
configure:12041: gcc -c -g -O2  conftest.c >&5
configure:12041: $? = 0
configure:12041: result: yes
configure:12041: checking fcntl.h presence
configure:12041: gcc -E  conftest.c
configure:12041: $? = 0
configure:12041: result: yes
configure:12041: checking for fcntl.h
configure:12041: result: yes
configure:12041: checking for stdlib.h
configure:12041: result: yes
configure:12041: checking for string.h
configure:12041: result: yes
configure:12041: checking for unistd.h
configure:12041: result: yes
configure:12041: checking elf.h usability
configure:12041: gcc -c -g -O2  conftest.c >&5
configure:12041: $? = 0
configure:12041: result: yes
configure:12041: checking elf.h presence
configure:12041: gcc -E  conftest.c
configure:12041: $? = 0
configure:12041: result: yes
configure:12041: checking for elf.h
configure:12041: result: yes
configure:12053: checking for size_t
configure:12053: gcc -c -g -O2  conftest.c >&5
configure:12053: $? = 0
configure:12053: gcc -c -g -O2  conftest.c >&5
conftest.c: In function 'main':
conftest.c:64:21: error: expected expression before ')' token
configure:12053: $? = 1
configure: failed program was:
| /* confdefs.h */
| #define PACKAGE_NAME "malelficus"
| #define PACKAGE_TARNAME "malelficus"
| #define PACKAGE_VERSION "0.1"
| #define PACKAGE_STRING "malelficus 0.1"
| #define PACKAGE_BUGREPORT "tiago4orion@gmail.com"
| #define PACKAGE_URL ""
| #define PACKAGE "malelficus"
| #define VERSION "0.1"
| #define STDC_HEADERS 1
| #define HAVE_SYS_TYPES_H 1
| #define HAVE_SYS_STAT_H 1
| #define HAVE_STDLIB_H 1
| #define HAVE_STRING_H 1
| #define HAVE_MEMORY_H 1
| #define HAVE_STRINGS_H 1
| #define HAVE_INTTYPES_H 1
| #define HAVE_STDINT_H 1
| #define HAVE_UNISTD_H 1
| #define HAVE_DLFCN_H 1
| #define LT_OBJDIR ".libs/"
| #define HAVE_FCNTL_H 1
| #define HAVE_STDLIB_H 1
| #define HAVE_STRING_H 1
| #define HAVE_UNISTD_H 1
| #define HAVE_ELF_H 1
| /* end confdefs.h.  */
| #include <stdio.h>
| #ifdef HAVE_SYS_TYPES_H
| # include <sys/types.h>
| #endif
| #ifdef HAVE_SYS_STAT_H
| # include <sys/stat.h>
| #endif
| #ifdef STDC_HEADERS
| # include <stdlib.h>
| # include <stddef.h>
| #else
| # ifdef HAVE_STDLIB_H
| #  include <stdlib.h>
| # endif
| #endif
| #ifdef HAVE_STRING_H
| # if !defined STDC_HEADERS && defined HAVE_MEMORY_H
| #  include <memory.h>
| # endif
| # include <string.h>
| #endif
| #ifdef HAVE_STRINGS_H
| # include <strings.h>
| #endif
| #ifdef HAVE_INTTYPES_H
| # include <inttypes.h>
| #endif
| #ifdef HAVE_STDINT_H
| # include <stdint.h>
| #endif
| #ifdef HAVE_UNISTD_H
| # include <unistd.h>
| #endif
| int
| main ()
| {
| if (sizeof ((size_t)))
| 	    return 0;
|   ;
|   return 0;
| }
configure:12053: result: yes
configure:12064: checking for uint16_t
configure:12064: gcc -c -g -O2  conftest.c >&5
configure:12064: $? = 0
configure:12064: result: yes
configure:12076: checking for uint32_t
configure:12076: gcc -c -g -O2  conftest.c >&5
configure:12076: $? = 0
configure:12076: result: yes
configure:12090: checking for uint8_t
configure:12090: gcc -c -g -O2  conftest.c >&5
configure:12090: $? = 0
configure:12090: result: yes
configure:12108: checking for stdlib.h
configure:12108: result: yes
configure:12118: checking for GNU libc compatible malloc
configure:12142: gcc -o conftest -g -O2   conftest.c  >&5
configure:12142: $? = 0
configure:12142: ./conftest
configure:12142: $? = 0
configure:12152: result: yes
configure:12175: checking for stdlib.h
configure:12175: result: yes
configure:12185: checking for GNU libc compatible realloc
configure:12209: gcc -o conftest -g -O2   conftest.c  >&5
configure:12209: $? = 0
configure:12209: ./conftest
configure:12209: $? = 0
configure:12219: result: yes
configure:12246: checking for stdlib.h
configure:12246: result: yes
configure:12246: checking for unistd.h
configure:12246: result: yes
configure:12246: checking for sys/param.h
configure:12246: gcc -c -g -O2  conftest.c >&5
configure:12246: $? = 0
configure:12246: result: yes
configure:12266: checking for getpagesize
configure:12266: gcc -o conftest -g -O2   conftest.c  >&5
configure:12266: $? = 0
configure:12266: result: yes
configure:12275: checking for working mmap
configure:12422: gcc -o conftest -g -O2   conftest.c  >&5
configure:12422: $? = 0
configure:12422: ./conftest
configure:12422: $? = 0
configure:12432: result: yes
configure:12444: checking for bzero
configure:12444: gcc -o conftest -g -O2   conftest.c  >&5
conftest.c:60:6: warning: conflicting types for built-in function 'bzero' [enabled by default]
configure:12444: $? = 0
configure:12444: result: yes
configure:12444: checking for getaddrinfo
configure:12444: gcc -o conftest -g -O2   conftest.c  >&5
configure:12444: $? = 0
configure:12444: result: yes
configure:12444: checking for inet_ntoa
configure:12444: gcc -o conftest -g -O2   conftest.c  >&5
configure:12444: $? = 0
configure:12444: result: yes
configure:12444: checking for memset
configure:12444: gcc -o conftest -g -O2   conftest.c  >&5
conftest.c:63:6: warning: conflicting types for built-in function 'memset' [enabled by default]
configure:12444: $? = 0
configure:12444: result: yes
configure:12444: checking for socket
configure:12444: gcc -o conftest -g -O2   conftest.c  >&5
configure:12444: $? = 0
configure:12444: result: yes
configure:12444: checking for munmap
configure:12444: gcc -o conftest -g -O2   conftest.c  >&5
configure:12444: $? = 0
configure:12444: result: yes
configure:12592: creating ./config.status

## ---------------------- ##
## Running config.status. ##
## ---------------------- ##

This file was extended by malelficus config.status 0.1, which was
generated by GNU Autoconf 2.68.  Invocation command line was

  CONFIG_FILES    = 
  CONFIG_HEADERS  = 
  CONFIG_LINKS    = 
  CONFIG_COMMANDS = 
  $ ./config.status 

on i4k-laptop

config.status:1116: creating Makefile
config.status:1116: creating src/Makefile
config.status:1116: creating src/external-libs/Makefile
config.status:1116: creating src/libmalelf/Makefile
config.status:1116: creating src/malelf/Makefile
config.status:1116: creating test/Makefile
config.status:1116: creating test/test_files/Makefile
config.status:1116: creating config.h
config.status:1297: config.h is unchanged
config.status:1345: executing depfiles commands
config.status:1345: executing libtool commands
configure:14903: === configuring in src/external-libs/CUnit (/home/i4k/hack/projetos/malelficus/src/external-libs/CUnit)
configure:14966: running /bin/bash ./configure --disable-option-checking '--prefix=/usr'  '--enable-tests' --cache-file=/dev/null --srcdir=.

## ---------------- ##
## Cache variables. ##
## ---------------- ##

ac_cv_build=i686-pc-linux-gnu
ac_cv_c_compiler_gnu=yes
ac_cv_c_uint16_t=yes
ac_cv_c_uint32_t=yes
ac_cv_c_uint8_t=yes
ac_cv_env_CC_set=
ac_cv_env_CC_value=
ac_cv_env_CFLAGS_set=
ac_cv_env_CFLAGS_value=
ac_cv_env_CPPFLAGS_set=
ac_cv_env_CPPFLAGS_value=
ac_cv_env_CPP_set=
ac_cv_env_CPP_value=
ac_cv_env_LDFLAGS_set=
ac_cv_env_LDFLAGS_value=
ac_cv_env_LIBS_set=
ac_cv_env_LIBS_value=
ac_cv_env_build_alias_set=
ac_cv_env_build_alias_value=
ac_cv_env_host_alias_set=
ac_cv_env_host_alias_value=
ac_cv_env_target_alias_set=
ac_cv_env_target_alias_value=
ac_cv_func_bzero=yes
ac_cv_func_getaddrinfo=yes
ac_cv_func_getpagesize=yes
ac_cv_func_inet_ntoa=yes
ac_cv_func_malloc_0_nonnull=yes
ac_cv_func_memset=yes
ac_cv_func_mmap_fixed_mapped=yes
ac_cv_func_munmap=yes
ac_cv_func_realloc_0_nonnull=yes
ac_cv_func_socket=yes
ac_cv_header_dlfcn_h=yes
ac_cv_header_elf_h=yes
ac_cv_header_fcntl_h=yes
ac_cv_header_inttypes_h=yes
ac_cv_header_memory_h=yes
ac_cv_header_stdc=yes
ac_cv_header_stdint_h=yes
ac_cv_header_stdlib_h=yes
ac_cv_header_string_h=yes
ac_cv_header_strings_h=yes
ac_cv_header_sys_param_h=yes
ac_cv_header_sys_stat_h=yes
ac_cv_header_sys_types_h=yes
ac_cv_header_unistd_h=yes
ac_cv_host=i686-pc-linux-gnu
ac_cv_objext=o
ac_cv_path_EGREP='/bin/grep -E'
ac_cv_path_FGREP='/bin/grep -F'
ac_cv_path_GREP=/bin/grep
ac_cv_path_SED=/bin/sed
ac_cv_path_install='/usr/bin/install -c'
ac_cv_path_mkdir=/bin/mkdir
ac_cv_prog_AWK=gawk
ac_cv_prog_CPP='gcc -E'
ac_cv_prog_ac_ct_AR=ar
ac_cv_prog_ac_ct_CC=gcc
ac_cv_prog_ac_ct_MANIFEST_TOOL=mt
ac_cv_prog_ac_ct_OBJDUMP=objdump
ac_cv_prog_ac_ct_RANLIB=ranlib
ac_cv_prog_ac_ct_STRIP=strip
ac_cv_prog_cc_c89=
ac_cv_prog_cc_g=yes
ac_cv_prog_make_make_set=yes
ac_cv_type_size_t=yes
am_cv_CC_dependencies_compiler_type=gcc3
lt_cv_ar_at_file=@
lt_cv_archive_cmds_need_lc=no
lt_cv_deplibs_check_method=pass_all
lt_cv_file_magic_cmd='$MAGIC_CMD'
lt_cv_file_magic_test_file=
lt_cv_ld_reload_flag=-r
lt_cv_nm_interface='BSD nm'
lt_cv_objdir=.libs
lt_cv_path_LD=/usr/bin/ld
lt_cv_path_NM='/usr/bin/nm -B'
lt_cv_path_mainfest_tool=no
lt_cv_prog_compiler_c_o=yes
lt_cv_prog_compiler_pic='-fPIC -DPIC'
lt_cv_prog_compiler_pic_works=yes
lt_cv_prog_compiler_rtti_exceptions=no
lt_cv_prog_compiler_static_works=yes
lt_cv_prog_gnu_ld=yes
lt_cv_sharedlib_from_linklib_cmd='printf %s\n'
lt_cv_shlibpath_overrides_runpath=no
lt_cv_sys_global_symbol_pipe='sed -n -e '\''s/^.*[	 ]\([ABCDGIRSTW][ABCDGIRSTW]*\)[	 ][	 ]*\([_A-Za-z][_A-Za-z0-9]*\)$/\1 \2 \2/p'\'' | sed '\''/ __gnu_lto/d'\'''
lt_cv_sys_global_symbol_to_c_name_address='sed -n -e '\''s/^: \([^ ]*\)[ ]*$/  {\"\1\", (void *) 0},/p'\'' -e '\''s/^[ABCDGIRSTW]* \([^ ]*\) \([^ ]*\)$/  {"\2", (void *) \&\2},/p'\'''
lt_cv_sys_global_symbol_to_c_name_address_lib_prefix='sed -n -e '\''s/^: \([^ ]*\)[ ]*$/  {\"\1\", (void *) 0},/p'\'' -e '\''s/^[ABCDGIRSTW]* \([^ ]*\) \(lib[^ ]*\)$/  {"\2", (void *) \&\2},/p'\'' -e '\''s/^[ABCDGIRSTW]* \([^ ]*\) \([^ ]*\)$/  {"lib\2", (void *) \&\2},/p'\'''
lt_cv_sys_global_symbol_to_cdecl='sed -n -e '\''s/^T .* \(.*\)$/extern int \1();/p'\'' -e '\''s/^[ABCDGIRSTW]* .* \(.*\)$/extern char \1;/p'\'''
lt_cv_sys_max_cmd_len=1572864
lt_cv_to_host_file_cmd=func_convert_file_noop
lt_cv_to_tool_file_cmd=func_convert_file_noop

## ----------------- ##
## Output variables. ##
## ----------------- ##

ACLOCAL='${SHELL} /home/i4k/hack/projetos/malelficus/missing --run aclocal-1.11'
AMDEPBACKSLASH='\'
AMDEP_FALSE='#'
AMDEP_TRUE=''
AMTAR='${SHELL} /home/i4k/hack/projetos/malelficus/missing --run tar'
AR='ar'
AUTOCONF='${SHELL} /home/i4k/hack/projetos/malelficus/missing --run autoconf'
AUTOHEADER='${SHELL} /home/i4k/hack/projetos/malelficus/missing --run autoheader'
AUTOMAKE='${SHELL} /home/i4k/hack/projetos/malelficus/missing --run automake-1.11'
AWK='gawk'
CC='gcc'
CCDEPMODE='depmode=gcc3'
CFLAGS='-g -O2'
CPP='gcc -E'
CPPFLAGS=''
CYGPATH_W='echo'
DEFS='-DHAVE_CONFIG_H'
DEPDIR='.deps'
DLLTOOL='false'
DSYMUTIL=''
DUMPBIN=''
ECHO_C=''
ECHO_N='-n'
ECHO_T=''
EGREP='/bin/grep -E'
EXEEXT=''
FGREP='/bin/grep -F'
GREP='/bin/grep'
INCLUDE_CUNIT='libraries/CUnit'
INCLUDE_TESTS='test'
INSTALL_DATA='${INSTALL} -m 644'
INSTALL_PROGRAM='${INSTALL}'
INSTALL_SCRIPT='${INSTALL}'
INSTALL_STRIP_PROGRAM='$(install_sh) -c -s'
LD='/usr/bin/ld'
LDFLAGS=''
LIBOBJS=''
LIBS=''
LIBTOOL='$(SHELL) $(top_builddir)/libtool'
LIPO=''
LN_S='ln -s'
LTLIBOBJS=''
MAKEINFO='${SHELL} /home/i4k/hack/projetos/malelficus/missing --run makeinfo'
MANIFEST_TOOL=':'
MKDIR_P='/bin/mkdir -p'
NM='/usr/bin/nm -B'
NMEDIT=''
OBJDUMP='objdump'
OBJEXT='o'
OTOOL64=''
OTOOL=''
PACKAGE='malelficus'
PACKAGE_BUGREPORT='tiago4orion@gmail.com'
PACKAGE_NAME='malelficus'
PACKAGE_STRING='malelficus 0.1'
PACKAGE_TARNAME='malelficus'
PACKAGE_URL=''
PACKAGE_VERSION='0.1'
PATH_SEPARATOR=':'
RANLIB='ranlib'
SED='/bin/sed'
SET_MAKE=''
SHELL='/bin/bash'
STRIP='strip'
VERSION='0.1'
ac_ct_AR='ar'
ac_ct_CC='gcc'
ac_ct_DUMPBIN=''
am__EXEEXT_FALSE=''
am__EXEEXT_TRUE='#'
am__fastdepCC_FALSE='#'
am__fastdepCC_TRUE=''
am__include='include'
am__isrc=''
am__leading_dot='.'
am__quote=''
am__tar='${AMTAR} chof - "$$tardir"'
am__untar='${AMTAR} xf -'
bindir='${exec_prefix}/bin'
build='i686-pc-linux-gnu'
build_alias=''
build_cpu='i686'
build_os='linux-gnu'
build_vendor='pc'
datadir='${datarootdir}'
datarootdir='${prefix}/share'
docdir='${datarootdir}/doc/${PACKAGE_TARNAME}'
dvidir='${docdir}'
exec_prefix='${prefix}'
host='i686-pc-linux-gnu'
host_alias=''
host_cpu='i686'
host_os='linux-gnu'
host_vendor='pc'
htmldir='${docdir}'
includedir='${prefix}/include'
infodir='${datarootdir}/info'
install_sh='${SHELL} /home/i4k/hack/projetos/malelficus/install-sh'
libdir='${exec_prefix}/lib'
libexecdir='${exec_prefix}/libexec'
localedir='${datarootdir}/locale'
localstatedir='${prefix}/var'
mandir='${datarootdir}/man'
mkdir_p='/bin/mkdir -p'
oldincludedir='/usr/include'
pdfdir='${docdir}'
prefix='/usr'
program_transform_name='s,x,x,'
psdir='${docdir}'
sbindir='${exec_prefix}/sbin'
sharedstatedir='${prefix}/com'
subdirs=' src/external-libs/CUnit'
sysconfdir='${prefix}/etc'
target_alias=''

## ----------- ##
## confdefs.h. ##
## ----------- ##

/* confdefs.h */
#define PACKAGE_NAME "malelficus"
#define PACKAGE_TARNAME "malelficus"
#define PACKAGE_VERSION "0.1"
#define PACKAGE_STRING "malelficus 0.1"
#define PACKAGE_BUGREPORT "tiago4orion@gmail.com"
#define PACKAGE_URL ""
#define PACKAGE "malelficus"
#define VERSION "0.1"
#define STDC_HEADERS 1
#define HAVE_SYS_TYPES_H 1
#define HAVE_SYS_STAT_H 1
#define HAVE_STDLIB_H 1
#define HAVE_STRING_H 1
#define HAVE_MEMORY_H 1
#define HAVE_STRINGS_H 1
#define HAVE_INTTYPES_H 1
#define HAVE_STDINT_H 1
#define HAVE_UNISTD_H 1
#define HAVE_DLFCN_H 1
#define LT_OBJDIR ".libs/"
#define HAVE_FCNTL_H 1
#define HAVE_STDLIB_H 1
#define HAVE_STRING_H 1
#define HAVE_UNISTD_H 1
#define HAVE_ELF_H 1
#define HAVE_STDLIB_H 1
#define HAVE_MALLOC 1
#define HAVE_STDLIB_H 1
#define HAVE_REALLOC 1
#define HAVE_STDLIB_H 1
#define HAVE_UNISTD_H 1
#define HAVE_SYS_PARAM_H 1
#define HAVE_GETPAGESIZE 1
#define HAVE_MMAP 1
#define HAVE_BZERO 1
#define HAVE_GETADDRINFO 1
#define HAVE_INET_NTOA 1
#define HAVE_MEMSET 1
#define HAVE_SOCKET 1
#define HAVE_MUNMAP 1

configure: exit 0

## ---------------------- ##
## Running config.status. ##
## ---------------------- ##

This file was extended by malelficus config.status 0.1, which was
generated by GNU Autoconf 2.68.  Invocation command line was

  CONFIG_FILES    = 
  CONFIG_HEADERS  = 
  CONFIG_LINKS    = 
  CONFIG_COMMANDS = 
  $ ./config.status test/test_files/Makefile depfiles

on i4k-laptop

config.status:1116: creating test/test_files/Makefile
config.status:1345: executing depfiles commands
