This file contains any messages produced by compilers while
running configure, to aid debugging if configure makes a mistake.

It was created by CUnit configure 2.1-2, which was
generated by GNU Autoconf 2.68.  Invocation command line was

  $ ./configure --disable-option-checking --prefix=/usr --enable-tests --cache-file=/dev/null --srcdir=.

## --------- ##
## Platform. ##
## --------- ##

hostname = i4k-laptop
uname -m = i686
uname -r = 3.2.8bugsec-team
uname -s = Linux
uname -v = #4 SMP Tue Feb 28 16:52:55 BRT 2012

/usr/bin/uname -p = unknown
/bin/uname -X     = unknown

/bin/arch              = unknown
/usr/bin/arch -k       = unknown
/usr/convex/getsysinfo = unknown
/usr/bin/hostinfo      = unknown
/bin/machine           = unknown
/usr/bin/oslevel       = unknown
/bin/universe          = unknown

PATH: /usr/lib/lightdm/lightdm
PATH: /usr/local/sbin
PATH: /usr/local/bin
PATH: /usr/sbin
PATH: /usr/bin
PATH: /sbin
PATH: /bin
PATH: /usr/games


## ----------- ##
## Core tests. ##
## ----------- ##

configure:2262: checking for a BSD-compatible install
configure:2330: result: /usr/bin/install -c
configure:2341: checking whether build environment is sane
configure:2391: result: yes
configure:2419: WARNING: `missing' script is too old or missing
configure:2532: checking for a thread-safe mkdir -p
configure:2571: result: /bin/mkdir -p
configure:2584: checking for gawk
configure:2600: found /usr/bin/gawk
configure:2611: result: gawk
configure:2622: checking whether make sets $(MAKE)
configure:2644: result: yes
configure:2977: checking for gcc
configure:2993: found /usr/bin/gcc
configure:3004: result: gcc
configure:3233: checking for C compiler version
configure:3242: gcc --version >&5
gcc (Ubuntu/Linaro 4.6.1-9ubuntu3) 4.6.1
Copyright (C) 2011 Free Software Foundation, Inc.
This is free software; see the source for copying conditions.  There is NO
warranty; not even for MERCHANTABILITY or FITNESS FOR A PARTICULAR PURPOSE.

configure:3253: $? = 0
configure:3242: gcc -v >&5
Using built-in specs.
COLLECT_GCC=gcc
COLLECT_LTO_WRAPPER=/usr/lib/gcc/i686-linux-gnu/4.6.1/lto-wrapper
Target: i686-linux-gnu
Configured with: ../src/configure -v --with-pkgversion='Ubuntu/Linaro 4.6.1-9ubuntu3' --with-bugurl=file:///usr/share/doc/gcc-4.6/README.Bugs --enable-languages=c,c++,fortran,objc,obj-c++,go --prefix=/usr --program-suffix=-4.6 --enable-shared --enable-linker-build-id --with-system-zlib --libexecdir=/usr/lib --without-included-gettext --enable-threads=posix --with-gxx-include-dir=/usr/include/c++/4.6 --libdir=/usr/lib --enable-nls --with-sysroot=/ --enable-clocale=gnu --enable-libstdcxx-debug --enable-libstdcxx-time=yes --enable-plugin --enable-objc-gc --enable-targets=all --disable-werror --with-arch-32=i686 --with-tune=generic --enable-checking=release --build=i686-linux-gnu --host=i686-linux-gnu --target=i686-linux-gnu
Thread model: posix
gcc version 4.6.1 (Ubuntu/Linaro 4.6.1-9ubuntu3) 
configure:3253: $? = 0
configure:3242: gcc -V >&5
gcc: error: unrecognized option '-V'
gcc: fatal error: no input files
compilation terminated.
configure:3253: $? = 4
configure:3242: gcc -qversion >&5
gcc: error: unrecognized option '-qversion'
gcc: fatal error: no input files
compilation terminated.
configure:3253: $? = 4
configure:3273: checking whether the C compiler works
configure:3295: gcc  -DRELEASE=@RELEASE@ -Wall -W -pedantic -Wshadow -ansi -I/home/i4k/hack/projetos/malelficus/src/external-libs/CUnit/CUnit/Headers   -L/home/i4k/hack/projetos/malelficus/src/external-libs/CUnit/CUnit/Sources conftest.c  >&5
configure:3299: $? = 0
configure:3347: result: yes
configure:3350: checking for C compiler default output file name
configure:3352: result: a.out
configure:3358: checking for suffix of executables
configure:3365: gcc -o conftest  -DRELEASE=@RELEASE@ -Wall -W -pedantic -Wshadow -ansi -I/home/i4k/hack/projetos/malelficus/src/external-libs/CUnit/CUnit/Headers   -L/home/i4k/hack/projetos/malelficus/src/external-libs/CUnit/CUnit/Sources conftest.c  >&5
configure:3369: $? = 0
configure:3391: result: 
configure:3413: checking whether we are cross compiling
configure:3421: gcc -o conftest  -DRELEASE=@RELEASE@ -Wall -W -pedantic -Wshadow -ansi -I/home/i4k/hack/projetos/malelficus/src/external-libs/CUnit/CUnit/Headers   -L/home/i4k/hack/projetos/malelficus/src/external-libs/CUnit/CUnit/Sources conftest.c  >&5
configure:3425: $? = 0
configure:3432: ./conftest
configure:3436: $? = 0
configure:3451: result: no
configure:3456: checking for suffix of object files
configure:3478: gcc -c  -DRELEASE=@RELEASE@ -Wall -W -pedantic -Wshadow -ansi -I/home/i4k/hack/projetos/malelficus/src/external-libs/CUnit/CUnit/Headers  conftest.c >&5
configure:3482: $? = 0
configure:3503: result: o
configure:3507: checking whether we are using the GNU C compiler
configure:3526: gcc -c  -DRELEASE=@RELEASE@ -Wall -W -pedantic -Wshadow -ansi -I/home/i4k/hack/projetos/malelficus/src/external-libs/CUnit/CUnit/Headers  conftest.c >&5
configure:3526: $? = 0
configure:3535: result: yes
configure:3544: checking whether gcc accepts -g
configure:3564: gcc -c -g  conftest.c >&5
configure:3564: $? = 0
configure:3605: result: yes
configure:3622: checking for gcc option to accept ISO C89
configure:3686: gcc  -c  -DRELEASE=@RELEASE@ -Wall -W -pedantic -Wshadow -ansi -I/home/i4k/hack/projetos/malelficus/src/external-libs/CUnit/CUnit/Headers  conftest.c >&5
configure:3686: $? = 0
configure:3699: result: none needed
configure:3730: checking for style of include used by make
configure:3758: result: GNU
configure:3783: checking dependency style of gcc
configure:3893: result: gcc3
configure:3909: checking whether make sets $(MAKE)
configure:3931: result: yes
configure:3969: checking build system type
configure:3983: result: i686-pc-linux-gnu
configure:4003: checking host system type
configure:4016: result: i686-pc-linux-gnu
configure:4057: checking how to print strings
configure:4084: result: printf
configure:4105: checking for a sed that does not truncate output
configure:4169: result: /bin/sed
configure:4187: checking for grep that handles long lines and -e
configure:4245: result: /bin/grep
configure:4250: checking for egrep
configure:4312: result: /bin/grep -E
configure:4317: checking for fgrep
configure:4379: result: /bin/grep -F
configure:4414: checking for ld used by gcc
configure:4481: result: /usr/bin/ld
configure:4488: checking if the linker (/usr/bin/ld) is GNU ld
configure:4503: result: yes
configure:4515: checking for BSD- or MS-compatible name lister (nm)
configure:4564: result: /usr/bin/nm -B
configure:4694: checking the name lister (/usr/bin/nm -B) interface
configure:4701: gcc -c  -DRELEASE=@RELEASE@ -Wall -W -pedantic -Wshadow -ansi -I/home/i4k/hack/projetos/malelficus/src/external-libs/CUnit/CUnit/Headers  conftest.c >&5
configure:4704: /usr/bin/nm -B "conftest.o"
configure:4707: output
00000000 B some_variable
configure:4714: result: BSD nm
configure:4717: checking whether ln -s works
configure:4721: result: yes
configure:4729: checking the maximum length of command line arguments
configure:4854: result: 1572864
configure:4871: checking whether the shell understands some XSI constructs
configure:4881: result: yes
configure:4885: checking whether the shell understands "+="
configure:4891: result: yes
configure:4926: checking how to convert i686-pc-linux-gnu file names to i686-pc-linux-gnu format
configure:4966: result: func_convert_file_noop
configure:4973: checking how to convert i686-pc-linux-gnu file names to toolchain format
configure:4993: result: func_convert_file_noop
configure:5000: checking for /usr/bin/ld option to reload object files
configure:5007: result: -r
configure:5081: checking for objdump
configure:5097: found /usr/bin/objdump
configure:5108: result: objdump
configure:5140: checking how to recognize dependent libraries
configure:5342: result: pass_all
configure:5427: checking for dlltool
configure:5457: result: no
configure:5487: checking how to associate runtime and link libraries
configure:5514: result: printf %s\n
configure:5575: checking for ar
configure:5591: found /usr/bin/ar
configure:5602: result: ar
configure:5639: checking for archiver @FILE support
configure:5656: gcc -c  -DRELEASE=@RELEASE@ -Wall -W -pedantic -Wshadow -ansi -I/home/i4k/hack/projetos/malelficus/src/external-libs/CUnit/CUnit/Headers  conftest.c >&5
configure:5656: $? = 0
configure:5659: ar cru libconftest.a @conftest.lst >&5
configure:5662: $? = 0
configure:5667: ar cru libconftest.a @conftest.lst >&5
ar: conftest.o: No such file or directory
configure:5670: $? = 1
configure:5682: result: @
configure:5740: checking for strip
configure:5756: found /usr/bin/strip
configure:5767: result: strip
configure:5839: checking for ranlib
configure:5855: found /usr/bin/ranlib
configure:5866: result: ranlib
configure:5968: checking command to parse /usr/bin/nm -B output from gcc object
configure:6087: gcc -c  -DRELEASE=@RELEASE@ -Wall -W -pedantic -Wshadow -ansi -I/home/i4k/hack/projetos/malelficus/src/external-libs/CUnit/CUnit/Headers  conftest.c >&5
configure:6090: $? = 0
configure:6094: /usr/bin/nm -B conftest.o \| sed -n -e 's/^.*[ ]\([ABCDGIRSTW][ABCDGIRSTW]*\)[ ][ ]*\([_A-Za-z][_A-Za-z0-9]*\)$/\1 \2 \2/p' | sed '/ __gnu_lto/d' \> conftest.nm
configure:6097: $? = 0
configure:6163: gcc -o conftest  -DRELEASE=@RELEASE@ -Wall -W -pedantic -Wshadow -ansi -I/home/i4k/hack/projetos/malelficus/src/external-libs/CUnit/CUnit/Headers   -L/home/i4k/hack/projetos/malelficus/src/external-libs/CUnit/CUnit/Sources conftest.c conftstm.o >&5
conftest.c:29:20: warning: ISO C forbids conversion of function pointer to object pointer type [-pedantic]
configure:6166: $? = 0
configure:6204: result: ok
configure:6241: checking for sysroot
configure:6271: result: no
configure:6514: checking for mt
configure:6530: found /bin/mt
configure:6541: result: mt
configure:6564: checking if mt is a manifest tool
configure:6570: mt '-?'
configure:6578: result: no
configure:7210: checking how to run the C preprocessor
configure:7241: gcc -E  conftest.c
configure:7241: $? = 0
configure:7255: gcc -E  conftest.c
conftest.c:11:28: fatal error: ac_nonexistent.h: No such file or directory
compilation terminated.
configure:7255: $? = 1
configure: failed program was:
| /* confdefs.h */
| #define PACKAGE_NAME "CUnit"
| #define PACKAGE_TARNAME "cunit"
| #define PACKAGE_VERSION "2.1-2"
| #define PACKAGE_STRING "CUnit 2.1-2"
| #define PACKAGE_BUGREPORT ""
| #define PACKAGE_URL ""
| #define PACKAGE "CUnit"
| #define VERSION "2.1-2"
| /* end confdefs.h.  */
| #include <ac_nonexistent.h>
configure:7280: result: gcc -E
configure:7300: gcc -E  conftest.c
configure:7300: $? = 0
configure:7314: gcc -E  conftest.c
conftest.c:11:28: fatal error: ac_nonexistent.h: No such file or directory
compilation terminated.
configure:7314: $? = 1
configure: failed program was:
| /* confdefs.h */
| #define PACKAGE_NAME "CUnit"
| #define PACKAGE_TARNAME "cunit"
| #define PACKAGE_VERSION "2.1-2"
| #define PACKAGE_STRING "CUnit 2.1-2"
| #define PACKAGE_BUGREPORT ""
| #define PACKAGE_URL ""
| #define PACKAGE "CUnit"
| #define VERSION "2.1-2"
| /* end confdefs.h.  */
| #include <ac_nonexistent.h>
configure:7343: checking for ANSI C header files
configure:7363: gcc -c  -DRELEASE=@RELEASE@ -Wall -W -pedantic -Wshadow -ansi -I/home/i4k/hack/projetos/malelficus/src/external-libs/CUnit/CUnit/Headers  conftest.c >&5
configure:7363: $? = 0
configure:7436: gcc -o conftest  -DRELEASE=@RELEASE@ -Wall -W -pedantic -Wshadow -ansi -I/home/i4k/hack/projetos/malelficus/src/external-libs/CUnit/CUnit/Headers   -L/home/i4k/hack/projetos/malelficus/src/external-libs/CUnit/CUnit/Sources conftest.c  >&5
configure:7436: $? = 0
configure:7436: ./conftest
configure:7436: $? = 0
configure:7447: result: yes
configure:7460: checking for sys/types.h
configure:7460: gcc -c  -DRELEASE=@RELEASE@ -Wall -W -pedantic -Wshadow -ansi -I/home/i4k/hack/projetos/malelficus/src/external-libs/CUnit/CUnit/Headers  conftest.c >&5
configure:7460: $? = 0
configure:7460: result: yes
configure:7460: checking for sys/stat.h
configure:7460: gcc -c  -DRELEASE=@RELEASE@ -Wall -W -pedantic -Wshadow -ansi -I/home/i4k/hack/projetos/malelficus/src/external-libs/CUnit/CUnit/Headers  conftest.c >&5
configure:7460: $? = 0
configure:7460: result: yes
configure:7460: checking for stdlib.h
configure:7460: gcc -c  -DRELEASE=@RELEASE@ -Wall -W -pedantic -Wshadow -ansi -I/home/i4k/hack/projetos/malelficus/src/external-libs/CUnit/CUnit/Headers  conftest.c >&5
configure:7460: $? = 0
configure:7460: result: yes
configure:7460: checking for string.h
configure:7460: gcc -c  -DRELEASE=@RELEASE@ -Wall -W -pedantic -Wshadow -ansi -I/home/i4k/hack/projetos/malelficus/src/external-libs/CUnit/CUnit/Headers  conftest.c >&5
configure:7460: $? = 0
configure:7460: result: yes
configure:7460: checking for memory.h
configure:7460: gcc -c  -DRELEASE=@RELEASE@ -Wall -W -pedantic -Wshadow -ansi -I/home/i4k/hack/projetos/malelficus/src/external-libs/CUnit/CUnit/Headers  conftest.c >&5
configure:7460: $? = 0
configure:7460: result: yes
configure:7460: checking for strings.h
configure:7460: gcc -c  -DRELEASE=@RELEASE@ -Wall -W -pedantic -Wshadow -ansi -I/home/i4k/hack/projetos/malelficus/src/external-libs/CUnit/CUnit/Headers  conftest.c >&5
configure:7460: $? = 0
configure:7460: result: yes
configure:7460: checking for inttypes.h
configure:7460: gcc -c  -DRELEASE=@RELEASE@ -Wall -W -pedantic -Wshadow -ansi -I/home/i4k/hack/projetos/malelficus/src/external-libs/CUnit/CUnit/Headers  conftest.c >&5
configure:7460: $? = 0
configure:7460: result: yes
configure:7460: checking for stdint.h
configure:7460: gcc -c  -DRELEASE=@RELEASE@ -Wall -W -pedantic -Wshadow -ansi -I/home/i4k/hack/projetos/malelficus/src/external-libs/CUnit/CUnit/Headers  conftest.c >&5
configure:7460: $? = 0
configure:7460: result: yes
configure:7460: checking for unistd.h
configure:7460: gcc -c  -DRELEASE=@RELEASE@ -Wall -W -pedantic -Wshadow -ansi -I/home/i4k/hack/projetos/malelficus/src/external-libs/CUnit/CUnit/Headers  conftest.c >&5
configure:7460: $? = 0
configure:7460: result: yes
configure:7474: checking for dlfcn.h
configure:7474: gcc -c  -DRELEASE=@RELEASE@ -Wall -W -pedantic -Wshadow -ansi -I/home/i4k/hack/projetos/malelficus/src/external-libs/CUnit/CUnit/Headers  conftest.c >&5
configure:7474: $? = 0
configure:7474: result: yes
configure:7661: checking for objdir
configure:7676: result: .libs
configure:7947: checking if gcc supports -fno-rtti -fno-exceptions
configure:7965: gcc -c  -DRELEASE=@RELEASE@ -Wall -W -pedantic -Wshadow -ansi -I/home/i4k/hack/projetos/malelficus/src/external-libs/CUnit/CUnit/Headers  -fno-rtti -fno-exceptions conftest.c >&5
cc1: warning: command line option '-fno-rtti' is valid for C++/ObjC++ but not for C [enabled by default]
configure:7969: $? = 0
configure:7982: result: no
configure:8292: checking for gcc option to produce PIC
configure:8299: result: -fPIC -DPIC
configure:8307: checking if gcc PIC flag -fPIC -DPIC works
configure:8325: gcc -c  -DRELEASE=@RELEASE@ -Wall -W -pedantic -Wshadow -ansi -I/home/i4k/hack/projetos/malelficus/src/external-libs/CUnit/CUnit/Headers  -fPIC -DPIC -DPIC conftest.c >&5
configure:8329: $? = 0
configure:8342: result: yes
configure:8371: checking if gcc static flag -static works
configure:8399: result: yes
configure:8414: checking if gcc supports -c -o file.o
configure:8435: gcc -c  -DRELEASE=@RELEASE@ -Wall -W -pedantic -Wshadow -ansi -I/home/i4k/hack/projetos/malelficus/src/external-libs/CUnit/CUnit/Headers  -o out/conftest2.o conftest.c >&5
configure:8439: $? = 0
configure:8461: result: yes
configure:8469: checking if gcc supports -c -o file.o
configure:8516: result: yes
configure:8549: checking whether the gcc linker (/usr/bin/ld) supports shared libraries
configure:9711: result: yes
configure:9748: checking whether -lc should be explicitly linked in
configure:9756: gcc -c  -DRELEASE=@RELEASE@ -Wall -W -pedantic -Wshadow -ansi -I/home/i4k/hack/projetos/malelficus/src/external-libs/CUnit/CUnit/Headers  conftest.c >&5
configure:9759: $? = 0
configure:9774: gcc -shared  -fPIC -DPIC conftest.o  -v -Wl,-soname -Wl,conftest -o conftest 2\>\&1 \| /bin/grep  -lc  \>/dev/null 2\>\&1
configure:9777: $? = 0
configure:9791: result: no
configure:9956: checking dynamic linker characteristics
configure:10471: gcc -o conftest  -DRELEASE=@RELEASE@ -Wall -W -pedantic -Wshadow -ansi -I/home/i4k/hack/projetos/malelficus/src/external-libs/CUnit/CUnit/Headers   -L/home/i4k/hack/projetos/malelficus/src/external-libs/CUnit/CUnit/Sources -Wl,-rpath -Wl,/foo conftest.c  >&5
configure:10471: $? = 0
configure:10705: result: GNU/Linux ld.so
configure:10812: checking how to hardcode library paths into programs
configure:10837: result: immediate
configure:11377: checking whether stripping libraries is possible
configure:11382: result: yes
configure:11417: checking if libtool supports shared libraries
configure:11419: result: yes
configure:11422: checking whether to build shared libraries
configure:11443: result: yes
configure:11446: checking whether to build static libraries
configure:11450: result: yes
configure:11486: checking for main in -lc
configure:11505: gcc -o conftest  -DRELEASE=@RELEASE@ -Wall -W -pedantic -Wshadow -ansi -I/home/i4k/hack/projetos/malelficus/src/external-libs/CUnit/CUnit/Headers   -L/home/i4k/hack/projetos/malelficus/src/external-libs/CUnit/CUnit/Sources conftest.c -lc   >&5
configure:11505: $? = 0
configure:11514: result: yes
configure:11631: checking for malloc
configure:11631: gcc -o conftest  -DRELEASE=@RELEASE@ -Wall -W -pedantic -Wshadow -ansi -I/home/i4k/hack/projetos/malelficus/src/external-libs/CUnit/CUnit/Headers   -L/home/i4k/hack/projetos/malelficus/src/external-libs/CUnit/CUnit/Sources conftest.c -lc  >&5
conftest.c:47:6: warning: conflicting types for built-in function 'malloc' [enabled by default]
configure:11631: $? = 0
configure:11631: result: yes
configure:11638: checking for free
configure:11638: gcc -o conftest  -DRELEASE=@RELEASE@ -Wall -W -pedantic -Wshadow -ansi -I/home/i4k/hack/projetos/malelficus/src/external-libs/CUnit/CUnit/Headers   -L/home/i4k/hack/projetos/malelficus/src/external-libs/CUnit/CUnit/Sources conftest.c -lc  >&5
conftest.c:47:6: warning: conflicting types for built-in function 'free' [enabled by default]
configure:11638: $? = 0
configure:11638: result: yes
configure:11645: checking for calloc
configure:11645: gcc -o conftest  -DRELEASE=@RELEASE@ -Wall -W -pedantic -Wshadow -ansi -I/home/i4k/hack/projetos/malelficus/src/external-libs/CUnit/CUnit/Headers   -L/home/i4k/hack/projetos/malelficus/src/external-libs/CUnit/CUnit/Sources conftest.c -lc  >&5
conftest.c:47:6: warning: conflicting types for built-in function 'calloc' [enabled by default]
configure:11645: $? = 0
configure:11645: result: yes
configure:11652: checking for realloc
configure:11652: gcc -o conftest  -DRELEASE=@RELEASE@ -Wall -W -pedantic -Wshadow -ansi -I/home/i4k/hack/projetos/malelficus/src/external-libs/CUnit/CUnit/Headers   -L/home/i4k/hack/projetos/malelficus/src/external-libs/CUnit/CUnit/Sources conftest.c -lc  >&5
conftest.c:47:6: warning: conflicting types for built-in function 'realloc' [enabled by default]
configure:11652: $? = 0
configure:11652: result: yes
configure:11660: checking for strcpy
configure:11660: gcc -o conftest  -DRELEASE=@RELEASE@ -Wall -W -pedantic -Wshadow -ansi -I/home/i4k/hack/projetos/malelficus/src/external-libs/CUnit/CUnit/Headers   -L/home/i4k/hack/projetos/malelficus/src/external-libs/CUnit/CUnit/Sources conftest.c -lc  >&5
conftest.c:47:6: warning: conflicting types for built-in function 'strcpy' [enabled by default]
configure:11660: $? = 0
configure:11660: result: yes
configure:11667: checking for strerror
configure:11667: gcc -o conftest  -DRELEASE=@RELEASE@ -Wall -W -pedantic -Wshadow -ansi -I/home/i4k/hack/projetos/malelficus/src/external-libs/CUnit/CUnit/Headers   -L/home/i4k/hack/projetos/malelficus/src/external-libs/CUnit/CUnit/Sources conftest.c -lc  >&5
configure:11667: $? = 0
configure:11667: result: yes
configure:11675: checking for fopen
configure:11675: gcc -o conftest  -DRELEASE=@RELEASE@ -Wall -W -pedantic -Wshadow -ansi -I/home/i4k/hack/projetos/malelficus/src/external-libs/CUnit/CUnit/Headers   -L/home/i4k/hack/projetos/malelficus/src/external-libs/CUnit/CUnit/Sources conftest.c -lc  >&5
configure:11675: $? = 0
configure:11675: result: yes
configure:11682: checking for fclose
configure:11682: gcc -o conftest  -DRELEASE=@RELEASE@ -Wall -W -pedantic -Wshadow -ansi -I/home/i4k/hack/projetos/malelficus/src/external-libs/CUnit/CUnit/Headers   -L/home/i4k/hack/projetos/malelficus/src/external-libs/CUnit/CUnit/Sources conftest.c -lc  >&5
configure:11682: $? = 0
configure:11682: result: yes
configure:11689: checking for fprintf
configure:11689: gcc -o conftest  -DRELEASE=@RELEASE@ -Wall -W -pedantic -Wshadow -ansi -I/home/i4k/hack/projetos/malelficus/src/external-libs/CUnit/CUnit/Headers   -L/home/i4k/hack/projetos/malelficus/src/external-libs/CUnit/CUnit/Sources conftest.c -lc  >&5
conftest.c:47:6: warning: conflicting types for built-in function 'fprintf' [enabled by default]
configure:11689: $? = 0
configure:11689: result: yes
configure:11696: checking for setvbuf
configure:11696: gcc -o conftest  -DRELEASE=@RELEASE@ -Wall -W -pedantic -Wshadow -ansi -I/home/i4k/hack/projetos/malelficus/src/external-libs/CUnit/CUnit/Headers   -L/home/i4k/hack/projetos/malelficus/src/external-libs/CUnit/CUnit/Sources conftest.c -lc  >&5
configure:11696: $? = 0
configure:11696: result: yes
configure:11704: checking for time
configure:11704: gcc -o conftest  -DRELEASE=@RELEASE@ -Wall -W -pedantic -Wshadow -ansi -I/home/i4k/hack/projetos/malelficus/src/external-libs/CUnit/CUnit/Headers   -L/home/i4k/hack/projetos/malelficus/src/external-libs/CUnit/CUnit/Sources conftest.c -lc  >&5
configure:11704: $? = 0
configure:11704: result: yes
configure:11711: checking for ctime
configure:11711: gcc -o conftest  -DRELEASE=@RELEASE@ -Wall -W -pedantic -Wshadow -ansi -I/home/i4k/hack/projetos/malelficus/src/external-libs/CUnit/CUnit/Headers   -L/home/i4k/hack/projetos/malelficus/src/external-libs/CUnit/CUnit/Sources conftest.c -lc  >&5
configure:11711: $? = 0
configure:11711: result: yes
configure:11719: checking for ANSI C header files
configure:11823: result: yes
configure:11833: checking assert.h usability
configure:11833: gcc -c  -DRELEASE=@RELEASE@ -Wall -W -pedantic -Wshadow -ansi -I/home/i4k/hack/projetos/malelficus/src/external-libs/CUnit/CUnit/Headers  conftest.c >&5
configure:11833: $? = 0
configure:11833: result: yes
configure:11833: checking assert.h presence
configure:11833: gcc -E  conftest.c
configure:11833: $? = 0
configure:11833: result: yes
configure:11833: checking for assert.h
configure:11833: result: yes
configure:11845: checking ctype.h usability
configure:11845: gcc -c  -DRELEASE=@RELEASE@ -Wall -W -pedantic -Wshadow -ansi -I/home/i4k/hack/projetos/malelficus/src/external-libs/CUnit/CUnit/Headers  conftest.c >&5
configure:11845: $? = 0
configure:11845: result: yes
configure:11845: checking ctype.h presence
configure:11845: gcc -E  conftest.c
configure:11845: $? = 0
configure:11845: result: yes
configure:11845: checking for ctype.h
configure:11845: result: yes
configure:11857: checking math.h usability
configure:11857: gcc -c  -DRELEASE=@RELEASE@ -Wall -W -pedantic -Wshadow -ansi -I/home/i4k/hack/projetos/malelficus/src/external-libs/CUnit/CUnit/Headers  conftest.c >&5
configure:11857: $? = 0
configure:11857: result: yes
configure:11857: checking math.h presence
configure:11857: gcc -E  conftest.c
configure:11857: $? = 0
configure:11857: result: yes
configure:11857: checking for math.h
configure:11857: result: yes
configure:11869: checking file.h usability
configure:11869: gcc -c  -DRELEASE=@RELEASE@ -Wall -W -pedantic -Wshadow -ansi -I/home/i4k/hack/projetos/malelficus/src/external-libs/CUnit/CUnit/Headers  conftest.c >&5
conftest.c:61:18: fatal error: file.h: No such file or directory
compilation terminated.
configure:11869: $? = 1
configure: failed program was:
| /* confdefs.h */
| #define PACKAGE_NAME "CUnit"
| #define PACKAGE_TARNAME "cunit"
| #define PACKAGE_VERSION "2.1-2"
| #define PACKAGE_STRING "CUnit 2.1-2"
| #define PACKAGE_BUGREPORT ""
| #define PACKAGE_URL ""
| #define PACKAGE "CUnit"
| #define VERSION "2.1-2"
| #define STDC_HEADERS 1
| #define HAVE_SYS_TYPES_H 1
| #define HAVE_SYS_STAT_H 1
| #define HAVE_STDLIB_H 1
| #define HAVE_STRING_H 1
| #define HAVE_MEMORY_H 1
| #define HAVE_STRINGS_H 1
| #define HAVE_INTTYPES_H 1
| #define HAVE_STDINT_H 1
| #define HAVE_UNISTD_H 1
| #define HAVE_DLFCN_H 1
| #define LT_OBJDIR ".libs/"
| #define HAVE_LIBC 1
| #define STDC_HEADERS 1
| #define HAVE_ASSERT_H 1
| #define HAVE_CTYPE_H 1
| #define HAVE_MATH_H 1
| /* end confdefs.h.  */
| #include <stdio.h>
| #ifdef HAVE_SYS_TYPES_H
| # include <sys/types.h>
| #endif
| #ifdef HAVE_SYS_STAT_H
| # include <sys/stat.h>
| #endif
| #ifdef STDC_HEADERS
| # include <stdlib.h>
| # include <stddef.h>
| #else
| # ifdef HAVE_STDLIB_H
| #  include <stdlib.h>
| # endif
| #endif
| #ifdef HAVE_STRING_H
| # if !defined STDC_HEADERS && defined HAVE_MEMORY_H
| #  include <memory.h>
| # endif
| # include <string.h>
| #endif
| #ifdef HAVE_STRINGS_H
| # include <strings.h>
| #endif
| #ifdef HAVE_INTTYPES_H
| # include <inttypes.h>
| #endif
| #ifdef HAVE_STDINT_H
| # include <stdint.h>
| #endif
| #ifdef HAVE_UNISTD_H
| # include <unistd.h>
| #endif
| #include <file.h>
configure:11869: result: no
configure:11869: checking file.h presence
configure:11869: gcc -E  conftest.c
conftest.c:28:18: fatal error: file.h: No such file or directory
compilation terminated.
configure:11869: $? = 1
configure: failed program was:
| /* confdefs.h */
| #define PACKAGE_NAME "CUnit"
| #define PACKAGE_TARNAME "cunit"
| #define PACKAGE_VERSION "2.1-2"
| #define PACKAGE_STRING "CUnit 2.1-2"
| #define PACKAGE_BUGREPORT ""
| #define PACKAGE_URL ""
| #define PACKAGE "CUnit"
| #define VERSION "2.1-2"
| #define STDC_HEADERS 1
| #define HAVE_SYS_TYPES_H 1
| #define HAVE_SYS_STAT_H 1
| #define HAVE_STDLIB_H 1
| #define HAVE_STRING_H 1
| #define HAVE_MEMORY_H 1
| #define HAVE_STRINGS_H 1
| #define HAVE_INTTYPES_H 1
| #define HAVE_STDINT_H 1
| #define HAVE_UNISTD_H 1
| #define HAVE_DLFCN_H 1
| #define LT_OBJDIR ".libs/"
| #define HAVE_LIBC 1
| #define STDC_HEADERS 1
| #define HAVE_ASSERT_H 1
| #define HAVE_CTYPE_H 1
| #define HAVE_MATH_H 1
| /* end confdefs.h.  */
| #include <file.h>
configure:11869: result: no
configure:11869: checking for file.h
configure:11869: result: no
configure:11881: checking stdio.h usability
configure:11881: gcc -c  -DRELEASE=@RELEASE@ -Wall -W -pedantic -Wshadow -ansi -I/home/i4k/hack/projetos/malelficus/src/external-libs/CUnit/CUnit/Headers  conftest.c >&5
configure:11881: $? = 0
configure:11881: result: yes
configure:11881: checking stdio.h presence
configure:11881: gcc -E  conftest.c
configure:11881: $? = 0
configure:11881: result: yes
configure:11881: checking for stdio.h
configure:11881: result: yes
configure:11893: checking for stdlib.h
configure:11893: result: yes
configure:11905: checking for string.h
configure:11905: result: yes
configure:11919: checking for an ANSI C-conforming const
configure:11984: gcc -c  -DRELEASE=@RELEASE@ -Wall -W -pedantic -Wshadow -ansi -I/home/i4k/hack/projetos/malelficus/src/external-libs/CUnit/CUnit/Headers  conftest.c >&5
conftest.c: In function 'main':
conftest.c:60:10: warning: 't' is used uninitialized in this function [-Wuninitialized]
conftest.c:76:23: warning: 'b' may be used uninitialized in this function [-Wuninitialized]
configure:11984: $? = 0
configure:11991: result: yes
configure:12181: creating ./config.status

## ---------------------- ##
## Running config.status. ##
## ---------------------- ##

This file was extended by CUnit config.status 2.1-2, which was
generated by GNU Autoconf 2.68.  Invocation command line was

  CONFIG_FILES    = 
  CONFIG_HEADERS  = 
  CONFIG_LINKS    = 
  CONFIG_COMMANDS = 
  $ ./config.status 

on i4k-laptop

config.status:1148: creating Jamrules
config.status:1148: creating Makefile
config.status:1148: creating CUnit.spec
config.status:1148: creating cunit.pc
config.status:1148: creating CUnit/Makefile
config.status:1148: creating CUnit/Headers/Makefile
config.status:1148: creating CUnit/Headers/CUnit.h
config.status:1148: creating CUnit/Sources/Makefile
config.status:1148: creating CUnit/Sources/Framework/Makefile
config.status:1148: creating CUnit/Sources/Automated/Makefile
config.status:1148: creating CUnit/Sources/Basic/Makefile
config.status:1148: creating CUnit/Sources/Console/Makefile
config.status:1148: creating CUnit/Sources/Curses/Makefile
config.status:1148: creating CUnit/Sources/Test/Makefile
config.status:1148: creating doc/Makefile
config.status:1148: creating doc/headers/Makefile
config.status:1148: creating Examples/Makefile
config.status:1148: creating Examples/AutomatedTest/Makefile
config.status:1148: creating Examples/BasicTest/Makefile
config.status:1148: creating Examples/ConsoleTest/Makefile
config.status:1148: creating Examples/CursesTest/Makefile
config.status:1148: creating Man/Makefile
config.status:1148: creating Man/man3/Makefile
config.status:1148: creating Share/Makefile
config.status:1148: creating config.h
config.status:1329: config.h is unchanged
config.status:1377: executing depfiles commands
config.status:1377: executing libtool commands

## ---------------- ##
## Cache variables. ##
## ---------------- ##

ac_cv_build=i686-pc-linux-gnu
ac_cv_c_compiler_gnu=yes
ac_cv_c_const=yes
ac_cv_env_CC_set=
ac_cv_env_CC_value=
ac_cv_env_CFLAGS_set=
ac_cv_env_CFLAGS_value=
ac_cv_env_CPPFLAGS_set=
ac_cv_env_CPPFLAGS_value=
ac_cv_env_CPP_set=
ac_cv_env_CPP_value=
ac_cv_env_LDFLAGS_set=
ac_cv_env_LDFLAGS_value=
ac_cv_env_LIBS_set=
ac_cv_env_LIBS_value=
ac_cv_env_build_alias_set=
ac_cv_env_build_alias_value=
ac_cv_env_host_alias_set=
ac_cv_env_host_alias_value=
ac_cv_env_target_alias_set=
ac_cv_env_target_alias_value=
ac_cv_func_calloc=yes
ac_cv_func_ctime=yes
ac_cv_func_fclose=yes
ac_cv_func_fopen=yes
ac_cv_func_fprintf=yes
ac_cv_func_free=yes
ac_cv_func_malloc=yes
ac_cv_func_realloc=yes
ac_cv_func_setvbuf=yes
ac_cv_func_strcpy=yes
ac_cv_func_strerror=yes
ac_cv_func_time=yes
ac_cv_header_assert_h=yes
ac_cv_header_ctype_h=yes
ac_cv_header_dlfcn_h=yes
ac_cv_header_file_h=no
ac_cv_header_inttypes_h=yes
ac_cv_header_math_h=yes
ac_cv_header_memory_h=yes
ac_cv_header_stdc=yes
ac_cv_header_stdint_h=yes
ac_cv_header_stdio_h=yes
ac_cv_header_stdlib_h=yes
ac_cv_header_string_h=yes
ac_cv_header_strings_h=yes
ac_cv_header_sys_stat_h=yes
ac_cv_header_sys_types_h=yes
ac_cv_header_unistd_h=yes
ac_cv_host=i686-pc-linux-gnu
ac_cv_lib_c_main=yes
ac_cv_objext=o
ac_cv_path_EGREP='/bin/grep -E'
ac_cv_path_FGREP='/bin/grep -F'
ac_cv_path_GREP=/bin/grep
ac_cv_path_SED=/bin/sed
ac_cv_path_install='/usr/bin/install -c'
ac_cv_path_mkdir=/bin/mkdir
ac_cv_prog_AWK=gawk
ac_cv_prog_CPP='gcc -E'
ac_cv_prog_ac_ct_AR=ar
ac_cv_prog_ac_ct_CC=gcc
ac_cv_prog_ac_ct_MANIFEST_TOOL=mt
ac_cv_prog_ac_ct_OBJDUMP=objdump
ac_cv_prog_ac_ct_RANLIB=ranlib
ac_cv_prog_ac_ct_STRIP=strip
ac_cv_prog_cc_c89=
ac_cv_prog_cc_g=yes
ac_cv_prog_make_make_set=yes
am_cv_CC_dependencies_compiler_type=gcc3
lt_cv_ar_at_file=@
lt_cv_archive_cmds_need_lc=no
lt_cv_deplibs_check_method=pass_all
lt_cv_file_magic_cmd='$MAGIC_CMD'
lt_cv_file_magic_test_file=
lt_cv_ld_reload_flag=-r
lt_cv_nm_interface='BSD nm'
lt_cv_objdir=.libs
lt_cv_path_LD=/usr/bin/ld
lt_cv_path_NM='/usr/bin/nm -B'
lt_cv_path_mainfest_tool=no
lt_cv_prog_compiler_c_o=yes
lt_cv_prog_compiler_pic='-fPIC -DPIC'
lt_cv_prog_compiler_pic_works=yes
lt_cv_prog_compiler_rtti_exceptions=no
lt_cv_prog_compiler_static_works=yes
lt_cv_prog_gnu_ld=yes
lt_cv_sharedlib_from_linklib_cmd='printf %s\n'
lt_cv_shlibpath_overrides_runpath=no
lt_cv_sys_global_symbol_pipe='sed -n -e '\''s/^.*[	 ]\([ABCDGIRSTW][ABCDGIRSTW]*\)[	 ][	 ]*\([_A-Za-z][_A-Za-z0-9]*\)$/\1 \2 \2/p'\'' | sed '\''/ __gnu_lto/d'\'''
lt_cv_sys_global_symbol_to_c_name_address='sed -n -e '\''s/^: \([^ ]*\)[ ]*$/  {\"\1\", (void *) 0},/p'\'' -e '\''s/^[ABCDGIRSTW]* \([^ ]*\) \([^ ]*\)$/  {"\2", (void *) \&\2},/p'\'''
lt_cv_sys_global_symbol_to_c_name_address_lib_prefix='sed -n -e '\''s/^: \([^ ]*\)[ ]*$/  {\"\1\", (void *) 0},/p'\'' -e '\''s/^[ABCDGIRSTW]* \([^ ]*\) \(lib[^ ]*\)$/  {"\2", (void *) \&\2},/p'\'' -e '\''s/^[ABCDGIRSTW]* \([^ ]*\) \([^ ]*\)$/  {"lib\2", (void *) \&\2},/p'\'''
lt_cv_sys_global_symbol_to_cdecl='sed -n -e '\''s/^T .* \(.*\)$/extern int \1();/p'\'' -e '\''s/^[ABCDGIRSTW]* .* \(.*\)$/extern char \1;/p'\'''
lt_cv_sys_max_cmd_len=1572864
lt_cv_to_host_file_cmd=func_convert_file_noop
lt_cv_to_tool_file_cmd=func_convert_file_noop

## ----------------- ##
## Output variables. ##
## ----------------- ##

ACLOCAL='aclocal-1.11'
AMDEPBACKSLASH='\'
AMDEP_FALSE='#'
AMDEP_TRUE=''
AMTAR='tar'
AR='ar'
AUTOCONF='autoconf'
AUTOHEADER='autoheader'
AUTOMAKE='automake-1.11'
AWK='gawk'
BUILD_AUTOMATED='TRUE'
BUILD_BASIC='TRUE'
BUILD_CONSOLE='TRUE'
BUILD_CURSES='FALSE'
BUILD_EXAMPLES='FALSE'
BUILD_TEST='FALSE'
CC='gcc'
CCDEPMODE='depmode=gcc3'
CFLAGS=' -DRELEASE=@RELEASE@ -Wall -W -pedantic -Wshadow -ansi -I/home/i4k/hack/projetos/malelficus/src/external-libs/CUnit/CUnit/Headers'
CPP='gcc -E'
CPPFLAGS=''
CURSES_LIB=''
CYGPATH_W='echo'
DEFS='-DHAVE_CONFIG_H'
DEPDIR='.deps'
DLLTOOL='false'
DSYMUTIL=''
DUMPBIN=''
ECHO_C=''
ECHO_N='-n'
ECHO_T=''
EGREP='/bin/grep -E'
ENABLE_AUTOMATED_FALSE='#'
ENABLE_AUTOMATED_TRUE=''
ENABLE_BASIC_FALSE='#'
ENABLE_BASIC_TRUE=''
ENABLE_CONSOLE_FALSE='#'
ENABLE_CONSOLE_TRUE=''
ENABLE_CURSES_FALSE=''
ENABLE_CURSES_TRUE='#'
ENABLE_DEBUG='FALSE'
ENABLE_DEPRECATED='FALSE'
ENABLE_EXAMPLES_FALSE=''
ENABLE_EXAMPLES_TRUE='#'
ENABLE_MEMTRACE='FALSE'
ENABLE_TEST_FALSE=''
ENABLE_TEST_TRUE='#'
EXEEXT=''
FGREP='/bin/grep -F'
GREP='/bin/grep'
INSTALL_DATA='${INSTALL} -m 644'
INSTALL_PROGRAM='${INSTALL}'
INSTALL_SCRIPT='${INSTALL}'
INSTALL_STRIP_PROGRAM='$(install_sh) -c -s'
LD='/usr/bin/ld'
LDFLAGS=' -L/home/i4k/hack/projetos/malelficus/src/external-libs/CUnit/CUnit/Sources'
LIBOBJS=''
LIBS='-lc '
LIBTOOL='$(SHELL) $(top_builddir)/libtool'
LIBTOOL_AGE='0'
LIBTOOL_CURRENT='1'
LIBTOOL_REVISION='1'
LIBTOOL_SUFFIX1='1'
LIBTOOL_SUFFIX='1.0.1'
LIPO=''
LN_S='ln -s'
LTLIBOBJS=''
MAKEINFO='makeinfo'
MANIFEST_TOOL=':'
MKDIR_P='/bin/mkdir -p'
NM='/usr/bin/nm -B'
NMEDIT=''
OBJDUMP='objdump'
OBJEXT='o'
OTOOL64=''
OTOOL=''
PACKAGE='CUnit'
PACKAGE_BUGREPORT=''
PACKAGE_NAME='CUnit'
PACKAGE_STRING='CUnit 2.1-2'
PACKAGE_TARNAME='cunit'
PACKAGE_URL=''
PACKAGE_VERSION='2.1-2'
PATH_SEPARATOR=':'
RANLIB='ranlib'
RELEASE='2'
SED='/bin/sed'
SET_MAKE=''
SHELL='/bin/bash'
STRIP='strip'
VERSION='2.1'
VERSION_MAJOR='2'
VERSION_MINOR='1'
ac_ct_AR='ar'
ac_ct_CC='gcc'
ac_ct_DUMPBIN=''
am__EXEEXT_FALSE=''
am__EXEEXT_TRUE='#'
am__fastdepCC_FALSE='#'
am__fastdepCC_TRUE=''
am__include='include'
am__isrc=''
am__leading_dot='.'
am__quote=''
am__tar='${AMTAR} chof - "$$tardir"'
am__untar='${AMTAR} xf -'
bindir='${exec_prefix}/bin'
build='i686-pc-linux-gnu'
build_alias=''
build_cpu='i686'
build_os='linux-gnu'
build_vendor='pc'
datadir='${datarootdir}'
datarootdir='${prefix}/share'
docdir='${datarootdir}/doc/${PACKAGE_TARNAME}'
dvidir='${docdir}'
exec_prefix='${prefix}'
host='i686-pc-linux-gnu'
host_alias=''
host_cpu='i686'
host_os='linux-gnu'
host_vendor='pc'
htmldir='${docdir}'
includedir='${prefix}/include'
infodir='${datarootdir}/info'
install_sh='${SHELL} /home/i4k/hack/projetos/malelficus/src/external-libs/CUnit/install-sh'
libdir='${exec_prefix}/lib'
libexecdir='${exec_prefix}/libexec'
localedir='${datarootdir}/locale'
localstatedir='${prefix}/var'
mandir='${datarootdir}/man'
mkdir_p='/bin/mkdir -p'
oldincludedir='/usr/include'
pdfdir='${docdir}'
prefix='/usr'
program_transform_name='s,x,x,'
psdir='${docdir}'
sbindir='${exec_prefix}/sbin'
sharedstatedir='${prefix}/com'
sysconfdir='${prefix}/etc'
target_alias=''

## ----------- ##
## confdefs.h. ##
## ----------- ##

/* confdefs.h */
#define PACKAGE_NAME "CUnit"
#define PACKAGE_TARNAME "cunit"
#define PACKAGE_VERSION "2.1-2"
#define PACKAGE_STRING "CUnit 2.1-2"
#define PACKAGE_BUGREPORT ""
#define PACKAGE_URL ""
#define PACKAGE "CUnit"
#define VERSION "2.1-2"
#define STDC_HEADERS 1
#define HAVE_SYS_TYPES_H 1
#define HAVE_SYS_STAT_H 1
#define HAVE_STDLIB_H 1
#define HAVE_STRING_H 1
#define HAVE_MEMORY_H 1
#define HAVE_STRINGS_H 1
#define HAVE_INTTYPES_H 1
#define HAVE_STDINT_H 1
#define HAVE_UNISTD_H 1
#define HAVE_DLFCN_H 1
#define LT_OBJDIR ".libs/"
#define HAVE_LIBC 1
#define STDC_HEADERS 1
#define HAVE_ASSERT_H 1
#define HAVE_CTYPE_H 1
#define HAVE_MATH_H 1
#define HAVE_STDIO_H 1
#define HAVE_STDLIB_H 1
#define HAVE_STRING_H 1

configure: exit 0
